[2026-01-09 18:51:45] queryWorpress llamado | Data: gruposdeedad?per_page=100
[2026-01-09 18:51:45] CACHE MISS | Data: file not found or cache disabled
[2026-01-09 18:51:47] API CALL OK | Data: HTTP: 200, time: 1534ms, saved: yes
[2026-01-09 18:51:47] queryWorpress llamado | Data: momentoaprendizaje?per_page=100
[2026-01-09 18:51:47] CACHE MISS | Data: file not found or cache disabled
[2026-01-09 18:51:48] API CALL OK | Data: HTTP: 200, time: 1363ms, saved: yes
[2026-01-09 18:51:48] queryWorpress llamado | Data: formas-bcct?per_page=100
[2026-01-09 18:51:48] CACHE MISS | Data: file not found or cache disabled
[2026-01-09 18:51:49] API CALL OK | Data: HTTP: 200, time: 1094ms, saved: yes
[2026-01-09 18:56:12] queryWorpress llamado | Data: gruposdeedad?per_page=100
[2026-01-09 18:56:12] CACHE HIT | Data: age: 265s, file: cbf4f0b5d31a7acc41849d7262d0fd3c
[2026-01-09 18:56:12] queryWorpress llamado | Data: momentoaprendizaje?per_page=100
[2026-01-09 18:56:12] CACHE HIT | Data: age: 264s, file: b9dcb9e8d7a9aca5ab01004af9ed9ee4
[2026-01-09 18:59:40] queryWorpress llamado | Data: gruposdeedad?per_page=100
[2026-01-09 18:59:40] CACHE HIT | Data: age: 473s, file: cbf4f0b5d31a7acc41849d7262d0fd3c
[2026-01-09 18:59:40] queryWorpress llamado | Data: momentoaprendizaje?per_page=100
[2026-01-09 18:59:40] CACHE HIT | Data: age: 472s, file: b9dcb9e8d7a9aca5ab01004af9ed9ee4
[2026-01-09 18:59:40] queryWorpress llamado | Data: gruposdeedad?per_page=100
[2026-01-09 18:59:40] CACHE HIT | Data: age: 473s, file: cbf4f0b5d31a7acc41849d7262d0fd3c
[2026-01-09 18:59:40] queryWorpress llamado | Data: momentoaprendizaje?per_page=100
[2026-01-09 18:59:40] CACHE HIT | Data: age: 472s, file: b9dcb9e8d7a9aca5ab01004af9ed9ee4
[2026-01-09 19:00:01] queryWorpress llamado | Data: gruposdeedad?per_page=100
[2026-01-09 19:00:01] CACHE HIT | Data: age: 494s, file: cbf4f0b5d31a7acc41849d7262d0fd3c
[2026-01-09 19:00:01] queryWorpress llamado | Data: momentoaprendizaje?per_page=100
[2026-01-09 19:00:01] CACHE HIT | Data: age: 493s, file: b9dcb9e8d7a9aca5ab01004af9ed9ee4
[2026-01-09 19:00:01] queryWorpress llamado | Data: gruposdeedad?per_page=100
[2026-01-09 19:00:01] CACHE HIT | Data: age: 494s, file: cbf4f0b5d31a7acc41849d7262d0fd3c
[2026-01-09 19:00:01] queryWorpress llamado | Data: momentoaprendizaje?per_page=100
[2026-01-09 19:00:01] CACHE HIT | Data: age: 493s, file: b9dcb9e8d7a9aca5ab01004af9ed9ee4
[2026-01-09 19:00:21] queryWorpress llamado | Data: gruposdeedad?per_page=100
[2026-01-09 19:00:21] CACHE HIT | Data: age: 514s, file: cbf4f0b5d31a7acc41849d7262d0fd3c
[2026-01-09 19:00:21] queryWorpress llamado | Data: momentoaprendizaje?per_page=100
[2026-01-09 19:00:21] CACHE HIT | Data: age: 513s, file: b9dcb9e8d7a9aca5ab01004af9ed9ee4
[2026-01-09 19:08:57] queryWorpress llamado | Data: gruposdeedad?per_page=100
[2026-01-09 19:08:57] CACHE HIT | Data: age: 1030s, file: cbf4f0b5d31a7acc41849d7262d0fd3c
[2026-01-09 19:08:57] queryWorpress llamado | Data: momentoaprendizaje?per_page=100
[2026-01-09 19:08:57] CACHE HIT | Data: age: 1029s, file: b9dcb9e8d7a9aca5ab01004af9ed9ee4
[2026-01-09 19:08:57] queryWorpress llamado | Data: formas-bcct?per_page=100
[2026-01-09 19:08:57] CACHE HIT | Data: age: 1028s, file: 8f80b0f17e2b087005b03a4f7d969d22
[2026-01-09 19:08:58] queryWorpress llamado | Data: gruposdeedad?per_page=100
[2026-01-09 19:08:58] CACHE HIT | Data: age: 1031s, file: cbf4f0b5d31a7acc41849d7262d0fd3c
[2026-01-09 19:08:58] queryWorpress llamado | Data: momentoaprendizaje?per_page=100
[2026-01-09 19:08:58] CACHE HIT | Data: age: 1030s, file: b9dcb9e8d7a9aca5ab01004af9ed9ee4
[2026-01-09 19:09:14] queryWorpress llamado | Data: gruposdeedad?per_page=100
[2026-01-09 19:09:14] CACHE HIT | Data: age: 1047s, file: cbf4f0b5d31a7acc41849d7262d0fd3c
[2026-01-09 19:09:14] queryWorpress llamado | Data: momentoaprendizaje?per_page=100
[2026-01-09 19:09:14] CACHE HIT | Data: age: 1046s, file: b9dcb9e8d7a9aca5ab01004af9ed9ee4
[2026-01-09 19:23:01] queryWorpress llamado | Data: gruposdeedad?per_page=100
[2026-01-09 19:23:01] CACHE HIT | Data: age: 1874s, file: cbf4f0b5d31a7acc41849d7262d0fd3c
[2026-01-09 19:23:01] queryWorpress llamado | Data: momentoaprendizaje?per_page=100
[2026-01-09 19:23:01] CACHE HIT | Data: age: 1873s, file: b9dcb9e8d7a9aca5ab01004af9ed9ee4
[2026-01-09 19:23:01] queryWorpress llamado | Data: formas-bcct?per_page=100
[2026-01-09 19:23:01] CACHE HIT | Data: age: 1872s, file: 8f80b0f17e2b087005b03a4f7d969d22
[2026-01-09 19:23:02] queryWorpress llamado | Data: gruposdeedad?per_page=100
[2026-01-09 19:23:02] CACHE HIT | Data: age: 1875s, file: cbf4f0b5d31a7acc41849d7262d0fd3c
[2026-01-09 19:23:02] queryWorpress llamado | Data: momentoaprendizaje?per_page=100
[2026-01-09 19:23:02] CACHE HIT | Data: age: 1874s, file: b9dcb9e8d7a9aca5ab01004af9ed9ee4
[2026-01-09 19:23:18] queryWorpress llamado | Data: gruposdeedad?per_page=100
[2026-01-09 19:23:18] CACHE HIT | Data: age: 1891s, file: cbf4f0b5d31a7acc41849d7262d0fd3c
[2026-01-09 19:23:18] queryWorpress llamado | Data: momentoaprendizaje?per_page=100
[2026-01-09 19:23:18] CACHE HIT | Data: age: 1890s, file: b9dcb9e8d7a9aca5ab01004af9ed9ee4
[2026-01-09 19:26:16] queryWorpress llamado | Data: gruposdeedad?per_page=100
[2026-01-09 19:26:16] CACHE HIT | Data: age: 2069s, file: cbf4f0b5d31a7acc41849d7262d0fd3c
[2026-01-09 19:26:16] queryWorpress llamado | Data: momentoaprendizaje?per_page=100
[2026-01-09 19:26:16] CACHE HIT | Data: age: 2068s, file: b9dcb9e8d7a9aca5ab01004af9ed9ee4
[2026-01-09 19:26:16] queryWorpress llamado | Data: formas-bcct?per_page=100
[2026-01-09 19:26:16] CACHE HIT | Data: age: 2067s, file: 8f80b0f17e2b087005b03a4f7d969d22
[2026-01-09 19:26:16] queryWorpress llamado | Data: gruposdeedad?per_page=100
[2026-01-09 19:26:16] CACHE HIT | Data: age: 2069s, file: cbf4f0b5d31a7acc41849d7262d0fd3c
[2026-01-09 19:26:16] queryWorpress llamado | Data: momentoaprendizaje?per_page=100
[2026-01-09 19:26:16] CACHE HIT | Data: age: 2068s, file: b9dcb9e8d7a9aca5ab01004af9ed9ee4
[2026-01-09 19:26:32] queryWorpress llamado | Data: gruposdeedad?per_page=100
[2026-01-09 19:26:32] CACHE HIT | Data: age: 2085s, file: cbf4f0b5d31a7acc41849d7262d0fd3c
[2026-01-09 19:26:32] queryWorpress llamado | Data: momentoaprendizaje?per_page=100
[2026-01-09 19:26:32] CACHE HIT | Data: age: 2084s, file: b9dcb9e8d7a9aca5ab01004af9ed9ee4
[2026-01-09 19:27:32] queryWorpress llamado | Data: gruposdeedad?per_page=100
[2026-01-09 19:27:32] CACHE HIT | Data: age: 2145s, file: cbf4f0b5d31a7acc41849d7262d0fd3c
[2026-01-09 19:27:32] queryWorpress llamado | Data: momentoaprendizaje?per_page=100
[2026-01-09 19:27:32] CACHE HIT | Data: age: 2144s, file: b9dcb9e8d7a9aca5ab01004af9ed9ee4
[2026-01-09 19:27:32] queryWorpress llamado | Data: formas-bcct?per_page=100
[2026-01-09 19:27:32] CACHE HIT | Data: age: 2143s, file: 8f80b0f17e2b087005b03a4f7d969d22
[2026-01-09 19:27:33] queryWorpress llamado | Data: gruposdeedad?per_page=100
[2026-01-09 19:27:33] CACHE HIT | Data: age: 2146s, file: cbf4f0b5d31a7acc41849d7262d0fd3c
[2026-01-09 19:27:33] queryWorpress llamado | Data: momentoaprendizaje?per_page=100
[2026-01-09 19:27:33] CACHE HIT | Data: age: 2145s, file: b9dcb9e8d7a9aca5ab01004af9ed9ee4
[2026-01-09 19:27:39] queryWorpress llamado | Data: gruposdeedad?per_page=100
[2026-01-09 19:27:39] CACHE HIT | Data: age: 2152s, file: cbf4f0b5d31a7acc41849d7262d0fd3c
[2026-01-09 19:27:39] queryWorpress llamado | Data: momentoaprendizaje?per_page=100
[2026-01-09 19:27:39] CACHE HIT | Data: age: 2151s, file: b9dcb9e8d7a9aca5ab01004af9ed9ee4
[2026-01-09 19:29:42] queryWorpress llamado | Data: gruposdeedad?per_page=100
[2026-01-09 19:29:42] CACHE HIT | Data: age: 2275s, file: cbf4f0b5d31a7acc41849d7262d0fd3c
[2026-01-09 19:29:42] queryWorpress llamado | Data: momentoaprendizaje?per_page=100
[2026-01-09 19:29:42] CACHE HIT | Data: age: 2274s, file: b9dcb9e8d7a9aca5ab01004af9ed9ee4
[2026-01-09 19:29:42] queryWorpress llamado | Data: formas-bcct?per_page=100
[2026-01-09 19:29:42] CACHE HIT | Data: age: 2273s, file: 8f80b0f17e2b087005b03a4f7d969d22
[2026-01-09 19:29:43] queryWorpress llamado | Data: gruposdeedad?per_page=100
[2026-01-09 19:29:43] CACHE HIT | Data: age: 2276s, file: cbf4f0b5d31a7acc41849d7262d0fd3c
[2026-01-09 19:29:43] queryWorpress llamado | Data: momentoaprendizaje?per_page=100
[2026-01-09 19:29:43] CACHE HIT | Data: age: 2275s, file: b9dcb9e8d7a9aca5ab01004af9ed9ee4
[2026-01-09 19:29:55] queryWorpress llamado | Data: gruposdeedad?per_page=100
[2026-01-09 19:29:55] CACHE HIT | Data: age: 2288s, file: cbf4f0b5d31a7acc41849d7262d0fd3c
[2026-01-09 19:29:55] queryWorpress llamado | Data: momentoaprendizaje?per_page=100
[2026-01-09 19:29:55] CACHE HIT | Data: age: 2287s, file: b9dcb9e8d7a9aca5ab01004af9ed9ee4
[2026-01-09 19:32:57] queryWorpress llamado | Data: gruposdeedad?per_page=100
[2026-01-09 19:32:57] CACHE HIT | Data: age: 2470s, file: cbf4f0b5d31a7acc41849d7262d0fd3c
[2026-01-09 19:32:57] queryWorpress llamado | Data: momentoaprendizaje?per_page=100
[2026-01-09 19:32:57] CACHE HIT | Data: age: 2469s, file: b9dcb9e8d7a9aca5ab01004af9ed9ee4
[2026-01-09 19:32:57] queryWorpress llamado | Data: formas-bcct?per_page=100
[2026-01-09 19:32:57] CACHE HIT | Data: age: 2468s, file: 8f80b0f17e2b087005b03a4f7d969d22
[2026-01-09 19:32:58] queryWorpress llamado | Data: gruposdeedad?per_page=100
[2026-01-09 19:32:58] CACHE HIT | Data: age: 2471s, file: cbf4f0b5d31a7acc41849d7262d0fd3c
[2026-01-09 19:32:58] queryWorpress llamado | Data: momentoaprendizaje?per_page=100
[2026-01-09 19:32:58] CACHE HIT | Data: age: 2470s, file: b9dcb9e8d7a9aca5ab01004af9ed9ee4
[2026-01-09 19:33:16] queryWorpress llamado | Data: gruposdeedad?per_page=100
[2026-01-09 19:33:16] CACHE HIT | Data: age: 2489s, file: cbf4f0b5d31a7acc41849d7262d0fd3c
[2026-01-09 19:33:16] queryWorpress llamado | Data: momentoaprendizaje?per_page=100
[2026-01-09 19:33:16] CACHE HIT | Data: age: 2488s, file: b9dcb9e8d7a9aca5ab01004af9ed9ee4
[2026-01-09 19:40:54] queryWorpress llamado | Data: gruposdeedad?per_page=100
[2026-01-09 19:40:54] CACHE HIT | Data: age: 2947s, file: cbf4f0b5d31a7acc41849d7262d0fd3c
[2026-01-09 19:40:54] queryWorpress llamado | Data: momentoaprendizaje?per_page=100
[2026-01-09 19:40:54] CACHE HIT | Data: age: 2946s, file: b9dcb9e8d7a9aca5ab01004af9ed9ee4
[2026-01-09 19:40:54] queryWorpress llamado | Data: formas-bcct?per_page=100
[2026-01-09 19:40:54] CACHE HIT | Data: age: 2945s, file: 8f80b0f17e2b087005b03a4f7d969d22
[2026-01-09 19:40:54] queryWorpress llamado | Data: gruposdeedad?per_page=100
[2026-01-09 19:40:54] CACHE HIT | Data: age: 2947s, file: cbf4f0b5d31a7acc41849d7262d0fd3c
[2026-01-09 19:40:54] queryWorpress llamado | Data: momentoaprendizaje?per_page=100
[2026-01-09 19:40:54] CACHE HIT | Data: age: 2946s, file: b9dcb9e8d7a9aca5ab01004af9ed9ee4
[2026-01-09 19:41:06] queryWorpress llamado | Data: gruposdeedad?per_page=100
[2026-01-09 19:41:06] CACHE HIT | Data: age: 2959s, file: cbf4f0b5d31a7acc41849d7262d0fd3c
[2026-01-09 19:41:06] queryWorpress llamado | Data: momentoaprendizaje?per_page=100
[2026-01-09 19:41:07] CACHE HIT | Data: age: 2959s, file: b9dcb9e8d7a9aca5ab01004af9ed9ee4
[2026-01-09 19:45:35] queryWorpress llamado | Data: gruposdeedad?per_page=100
[2026-01-09 19:45:35] CACHE HIT | Data: age: 3228s, file: cbf4f0b5d31a7acc41849d7262d0fd3c
[2026-01-09 19:45:35] queryWorpress llamado | Data: momentoaprendizaje?per_page=100
[2026-01-09 19:45:35] CACHE HIT | Data: age: 3227s, file: b9dcb9e8d7a9aca5ab01004af9ed9ee4
[2026-01-09 19:45:35] queryWorpress llamado | Data: formas-bcct?per_page=100
[2026-01-09 19:45:35] CACHE HIT | Data: age: 3226s, file: 8f80b0f17e2b087005b03a4f7d969d22
[2026-01-09 19:45:35] queryWorpress llamado | Data: gruposdeedad?per_page=100
[2026-01-09 19:45:35] CACHE HIT | Data: age: 3228s, file: cbf4f0b5d31a7acc41849d7262d0fd3c
[2026-01-09 19:45:35] queryWorpress llamado | Data: momentoaprendizaje?per_page=100
[2026-01-09 19:45:35] CACHE HIT | Data: age: 3227s, file: b9dcb9e8d7a9aca5ab01004af9ed9ee4
[2026-01-09 19:45:50] queryWorpress llamado | Data: gruposdeedad?per_page=100
[2026-01-09 19:45:50] CACHE HIT | Data: age: 3243s, file: cbf4f0b5d31a7acc41849d7262d0fd3c
[2026-01-09 19:45:50] queryWorpress llamado | Data: momentoaprendizaje?per_page=100
[2026-01-09 19:45:50] CACHE HIT | Data: age: 3242s, file: b9dcb9e8d7a9aca5ab01004af9ed9ee4
[2026-01-09 19:50:12] queryWorpress llamado | Data: gruposdeedad?per_page=100
[2026-01-09 19:50:12] CACHE HIT | Data: age: 3505s, file: cbf4f0b5d31a7acc41849d7262d0fd3c
[2026-01-09 19:50:12] queryWorpress llamado | Data: momentoaprendizaje?per_page=100
[2026-01-09 19:50:12] CACHE HIT | Data: age: 3504s, file: b9dcb9e8d7a9aca5ab01004af9ed9ee4
[2026-01-09 19:50:12] queryWorpress llamado | Data: formas-bcct?per_page=100
[2026-01-09 19:50:12] CACHE HIT | Data: age: 3503s, file: 8f80b0f17e2b087005b03a4f7d969d22
[2026-01-09 19:50:12] queryWorpress llamado | Data: gruposdeedad?per_page=100
[2026-01-09 19:50:12] CACHE HIT | Data: age: 3505s, file: cbf4f0b5d31a7acc41849d7262d0fd3c
[2026-01-09 19:50:12] queryWorpress llamado | Data: momentoaprendizaje?per_page=100
[2026-01-09 19:50:12] CACHE HIT | Data: age: 3504s, file: b9dcb9e8d7a9aca5ab01004af9ed9ee4
[2026-01-09 19:50:25] queryWorpress llamado | Data: gruposdeedad?per_page=100
[2026-01-09 19:50:25] CACHE HIT | Data: age: 3518s, file: cbf4f0b5d31a7acc41849d7262d0fd3c
[2026-01-09 19:50:25] queryWorpress llamado | Data: momentoaprendizaje?per_page=100
[2026-01-09 19:50:25] CACHE HIT | Data: age: 3517s, file: b9dcb9e8d7a9aca5ab01004af9ed9ee4
[2026-01-09 19:52:48] queryWorpress llamado | Data: gruposdeedad?per_page=100
[2026-01-09 19:52:48] CACHE EXPIRED | Data: age: 3661s > TTL: 3600s
[2026-01-09 19:52:49] API CALL OK | Data: HTTP: 200, time: 1417ms, saved: yes
[2026-01-09 19:52:49] queryWorpress llamado | Data: momentoaprendizaje?per_page=100
[2026-01-09 19:52:50] CACHE EXPIRED | Data: age: 3662s > TTL: 3600s
[2026-01-09 19:52:51] API CALL OK | Data: HTTP: 200, time: 1239ms, saved: yes
[2026-01-09 19:52:51] queryWorpress llamado | Data: formas-bcct?per_page=100
[2026-01-09 19:52:51] CACHE EXPIRED | Data: age: 3662s > TTL: 3600s
[2026-01-09 19:52:52] API CALL OK | Data: HTTP: 200, time: 1092ms, saved: yes
[2026-01-09 19:52:52] queryWorpress llamado | Data: gruposdeedad?per_page=100
[2026-01-09 19:52:52] CACHE HIT | Data: age: 3s, file: cbf4f0b5d31a7acc41849d7262d0fd3c
[2026-01-09 19:52:52] queryWorpress llamado | Data: momentoaprendizaje?per_page=100
[2026-01-09 19:52:52] CACHE HIT | Data: age: 1s, file: b9dcb9e8d7a9aca5ab01004af9ed9ee4
[2026-01-09 19:53:05] queryWorpress llamado | Data: gruposdeedad?per_page=100
[2026-01-09 19:53:05] CACHE HIT | Data: age: 16s, file: cbf4f0b5d31a7acc41849d7262d0fd3c
[2026-01-09 19:53:05] queryWorpress llamado | Data: momentoaprendizaje?per_page=100
[2026-01-09 19:53:05] CACHE HIT | Data: age: 14s, file: b9dcb9e8d7a9aca5ab01004af9ed9ee4
[2026-01-09 19:54:50] queryWorpress llamado | Data: gruposdeedad?per_page=100
[2026-01-09 19:54:50] CACHE HIT | Data: age: 121s, file: cbf4f0b5d31a7acc41849d7262d0fd3c
[2026-01-09 19:54:50] queryWorpress llamado | Data: momentoaprendizaje?per_page=100
[2026-01-09 19:54:50] CACHE HIT | Data: age: 119s, file: b9dcb9e8d7a9aca5ab01004af9ed9ee4
[2026-01-09 19:54:50] queryWorpress llamado | Data: formas-bcct?per_page=100
[2026-01-09 19:54:50] CACHE HIT | Data: age: 118s, file: 8f80b0f17e2b087005b03a4f7d969d22
[2026-01-09 19:54:50] queryWorpress llamado | Data: gruposdeedad?per_page=100
[2026-01-09 19:54:50] CACHE HIT | Data: age: 121s, file: cbf4f0b5d31a7acc41849d7262d0fd3c
[2026-01-09 19:54:50] queryWorpress llamado | Data: momentoaprendizaje?per_page=100
[2026-01-09 19:54:50] CACHE HIT | Data: age: 119s, file: b9dcb9e8d7a9aca5ab01004af9ed9ee4
[2026-01-09 19:55:07] queryWorpress llamado | Data: gruposdeedad?per_page=100
[2026-01-09 19:55:07] CACHE HIT | Data: age: 138s, file: cbf4f0b5d31a7acc41849d7262d0fd3c
[2026-01-09 19:55:07] queryWorpress llamado | Data: momentoaprendizaje?per_page=100
[2026-01-09 19:55:07] CACHE HIT | Data: age: 136s, file: b9dcb9e8d7a9aca5ab01004af9ed9ee4
[2026-01-09 19:56:50] queryWorpress llamado | Data: gruposdeedad?per_page=100
[2026-01-09 19:56:50] CACHE HIT | Data: age: 241s, file: cbf4f0b5d31a7acc41849d7262d0fd3c
[2026-01-09 19:56:50] queryWorpress llamado | Data: momentoaprendizaje?per_page=100
[2026-01-09 19:56:50] CACHE HIT | Data: age: 239s, file: b9dcb9e8d7a9aca5ab01004af9ed9ee4
[2026-01-09 19:56:50] queryWorpress llamado | Data: formas-bcct?per_page=100
[2026-01-09 19:56:50] CACHE HIT | Data: age: 238s, file: 8f80b0f17e2b087005b03a4f7d969d22
[2026-01-09 19:56:51] queryWorpress llamado | Data: gruposdeedad?per_page=100
[2026-01-09 19:56:51] CACHE HIT | Data: age: 242s, file: cbf4f0b5d31a7acc41849d7262d0fd3c
[2026-01-09 19:56:51] queryWorpress llamado | Data: momentoaprendizaje?per_page=100
[2026-01-09 19:56:51] CACHE HIT | Data: age: 240s, file: b9dcb9e8d7a9aca5ab01004af9ed9ee4
[2026-01-09 19:57:04] queryWorpress llamado | Data: gruposdeedad?per_page=100
[2026-01-09 19:57:04] CACHE HIT | Data: age: 255s, file: cbf4f0b5d31a7acc41849d7262d0fd3c
[2026-01-09 19:57:04] queryWorpress llamado | Data: momentoaprendizaje?per_page=100
[2026-01-09 19:57:04] CACHE HIT | Data: age: 253s, file: b9dcb9e8d7a9aca5ab01004af9ed9ee4
[2026-01-09 19:58:47] queryWorpress llamado | Data: gruposdeedad?per_page=100
[2026-01-09 19:58:47] CACHE HIT | Data: age: 358s, file: cbf4f0b5d31a7acc41849d7262d0fd3c
[2026-01-09 19:58:47] queryWorpress llamado | Data: momentoaprendizaje?per_page=100
[2026-01-09 19:58:47] CACHE HIT | Data: age: 356s, file: b9dcb9e8d7a9aca5ab01004af9ed9ee4
[2026-01-09 19:58:47] queryWorpress llamado | Data: formas-bcct?per_page=100
[2026-01-09 19:58:47] CACHE HIT | Data: age: 355s, file: 8f80b0f17e2b087005b03a4f7d969d22
[2026-01-09 19:58:47] queryWorpress llamado | Data: gruposdeedad?per_page=100
[2026-01-09 19:58:47] CACHE HIT | Data: age: 358s, file: cbf4f0b5d31a7acc41849d7262d0fd3c
[2026-01-09 19:58:47] queryWorpress llamado | Data: momentoaprendizaje?per_page=100
[2026-01-09 19:58:47] CACHE HIT | Data: age: 356s, file: b9dcb9e8d7a9aca5ab01004af9ed9ee4
[2026-01-09 19:58:56] queryWorpress llamado | Data: gruposdeedad?per_page=100
[2026-01-09 19:58:56] CACHE HIT | Data: age: 367s, file: cbf4f0b5d31a7acc41849d7262d0fd3c
[2026-01-09 19:58:56] queryWorpress llamado | Data: momentoaprendizaje?per_page=100
[2026-01-09 19:58:56] CACHE HIT | Data: age: 365s, file: b9dcb9e8d7a9aca5ab01004af9ed9ee4
[2026-01-09 20:00:47] queryWorpress llamado | Data: gruposdeedad?per_page=100
[2026-01-09 20:00:47] CACHE HIT | Data: age: 478s, file: cbf4f0b5d31a7acc41849d7262d0fd3c
[2026-01-09 20:00:47] queryWorpress llamado | Data: momentoaprendizaje?per_page=100
[2026-01-09 20:00:47] CACHE HIT | Data: age: 476s, file: b9dcb9e8d7a9aca5ab01004af9ed9ee4
[2026-01-09 20:00:47] queryWorpress llamado | Data: formas-bcct?per_page=100
[2026-01-09 20:00:47] CACHE HIT | Data: age: 475s, file: 8f80b0f17e2b087005b03a4f7d969d22
[2026-01-09 20:00:48] queryWorpress llamado | Data: gruposdeedad?per_page=100
[2026-01-09 20:00:48] CACHE HIT | Data: age: 479s, file: cbf4f0b5d31a7acc41849d7262d0fd3c
[2026-01-09 20:00:48] queryWorpress llamado | Data: momentoaprendizaje?per_page=100
[2026-01-09 20:00:48] CACHE HIT | Data: age: 477s, file: b9dcb9e8d7a9aca5ab01004af9ed9ee4
[2026-01-09 20:01:03] queryWorpress llamado | Data: gruposdeedad?per_page=100
[2026-01-09 20:01:03] CACHE HIT | Data: age: 494s, file: cbf4f0b5d31a7acc41849d7262d0fd3c
[2026-01-09 20:01:03] queryWorpress llamado | Data: momentoaprendizaje?per_page=100
[2026-01-09 20:01:03] CACHE HIT | Data: age: 492s, file: b9dcb9e8d7a9aca5ab01004af9ed9ee4
[2026-01-09 20:07:16] queryWorpress llamado | Data: gruposdeedad?per_page=100
[2026-01-09 20:07:16] CACHE HIT | Data: age: 867s, file: cbf4f0b5d31a7acc41849d7262d0fd3c
[2026-01-09 20:07:16] queryWorpress llamado | Data: momentoaprendizaje?per_page=100
[2026-01-09 20:07:16] CACHE HIT | Data: age: 865s, file: b9dcb9e8d7a9aca5ab01004af9ed9ee4
[2026-01-09 20:07:16] queryWorpress llamado | Data: formas-bcct?per_page=100
[2026-01-09 20:07:16] CACHE HIT | Data: age: 864s, file: 8f80b0f17e2b087005b03a4f7d969d22
[2026-01-09 20:07:16] queryWorpress llamado | Data: gruposdeedad?per_page=100
[2026-01-09 20:07:16] CACHE HIT | Data: age: 867s, file: cbf4f0b5d31a7acc41849d7262d0fd3c
[2026-01-09 20:07:16] queryWorpress llamado | Data: momentoaprendizaje?per_page=100
[2026-01-09 20:07:16] CACHE HIT | Data: age: 865s, file: b9dcb9e8d7a9aca5ab01004af9ed9ee4
[2026-01-09 20:07:38] queryWorpress llamado | Data: gruposdeedad?per_page=100
[2026-01-09 20:07:38] CACHE HIT | Data: age: 889s, file: cbf4f0b5d31a7acc41849d7262d0fd3c
[2026-01-09 20:07:38] queryWorpress llamado | Data: momentoaprendizaje?per_page=100
[2026-01-09 20:07:38] CACHE HIT | Data: age: 887s, file: b9dcb9e8d7a9aca5ab01004af9ed9ee4
[2026-01-09 20:08:02] queryWorpress llamado | Data: gruposdeedad?per_page=100
[2026-01-09 20:08:02] CACHE HIT | Data: age: 913s, file: cbf4f0b5d31a7acc41849d7262d0fd3c
[2026-01-09 20:08:02] queryWorpress llamado | Data: momentoaprendizaje?per_page=100
[2026-01-09 20:08:02] CACHE HIT | Data: age: 911s, file: b9dcb9e8d7a9aca5ab01004af9ed9ee4
[2026-01-09 20:08:02] queryWorpress llamado | Data: formas-bcct?per_page=100
[2026-01-09 20:08:02] CACHE HIT | Data: age: 910s, file: 8f80b0f17e2b087005b03a4f7d969d22
[2026-01-09 20:08:02] queryWorpress llamado | Data: gruposdeedad?per_page=100
[2026-01-09 20:08:02] CACHE HIT | Data: age: 913s, file: cbf4f0b5d31a7acc41849d7262d0fd3c
[2026-01-09 20:08:02] queryWorpress llamado | Data: momentoaprendizaje?per_page=100
[2026-01-09 20:08:02] CACHE HIT | Data: age: 911s, file: b9dcb9e8d7a9aca5ab01004af9ed9ee4
[2026-01-09 20:08:12] queryWorpress llamado | Data: gruposdeedad?per_page=100
[2026-01-09 20:08:12] CACHE HIT | Data: age: 923s, file: cbf4f0b5d31a7acc41849d7262d0fd3c
[2026-01-09 20:08:12] queryWorpress llamado | Data: momentoaprendizaje?per_page=100
[2026-01-09 20:08:12] CACHE HIT | Data: age: 921s, file: b9dcb9e8d7a9aca5ab01004af9ed9ee4
[2026-01-09 20:11:07] queryWorpress llamado | Data: gruposdeedad?per_page=100
[2026-01-09 20:11:07] CACHE HIT | Data: age: 1098s, file: cbf4f0b5d31a7acc41849d7262d0fd3c
[2026-01-09 20:11:07] queryWorpress llamado | Data: momentoaprendizaje?per_page=100
[2026-01-09 20:11:07] CACHE HIT | Data: age: 1096s, file: b9dcb9e8d7a9aca5ab01004af9ed9ee4
[2026-01-09 20:11:07] queryWorpress llamado | Data: formas-bcct?per_page=100
[2026-01-09 20:11:07] CACHE HIT | Data: age: 1095s, file: 8f80b0f17e2b087005b03a4f7d969d22
[2026-01-09 20:11:07] queryWorpress llamado | Data: gruposdeedad?per_page=100
[2026-01-09 20:11:07] CACHE HIT | Data: age: 1098s, file: cbf4f0b5d31a7acc41849d7262d0fd3c
[2026-01-09 20:11:07] queryWorpress llamado | Data: momentoaprendizaje?per_page=100
[2026-01-09 20:11:07] CACHE HIT | Data: age: 1096s, file: b9dcb9e8d7a9aca5ab01004af9ed9ee4
[2026-01-09 20:11:20] queryWorpress llamado | Data: gruposdeedad?per_page=100
[2026-01-09 20:11:20] CACHE HIT | Data: age: 1111s, file: cbf4f0b5d31a7acc41849d7262d0fd3c
[2026-01-09 20:11:20] queryWorpress llamado | Data: momentoaprendizaje?per_page=100
[2026-01-09 20:11:20] CACHE HIT | Data: age: 1109s, file: b9dcb9e8d7a9aca5ab01004af9ed9ee4
[2026-01-09 20:41:41] queryWorpress llamado | Data: gruposdeedad?per_page=100
[2026-01-09 20:41:41] CACHE HIT | Data: age: 2932s, file: cbf4f0b5d31a7acc41849d7262d0fd3c
[2026-01-09 20:41:41] queryWorpress llamado | Data: momentoaprendizaje?per_page=100
[2026-01-09 20:41:41] CACHE HIT | Data: age: 2930s, file: b9dcb9e8d7a9aca5ab01004af9ed9ee4
[2026-01-09 20:41:41] queryWorpress llamado | Data: formas-bcct?per_page=100
[2026-01-09 20:41:41] CACHE HIT | Data: age: 2929s, file: 8f80b0f17e2b087005b03a4f7d969d22
[2026-01-09 20:41:42] queryWorpress llamado | Data: gruposdeedad?per_page=100
[2026-01-09 20:41:42] CACHE HIT | Data: age: 2933s, file: cbf4f0b5d31a7acc41849d7262d0fd3c
[2026-01-09 20:41:42] queryWorpress llamado | Data: momentoaprendizaje?per_page=100
[2026-01-09 20:41:42] CACHE HIT | Data: age: 2931s, file: b9dcb9e8d7a9aca5ab01004af9ed9ee4
[2026-01-09 20:44:45] queryWorpress llamado | Data: gruposdeedad?per_page=100
[2026-01-09 20:44:45] CACHE HIT | Data: age: 3116s, file: cbf4f0b5d31a7acc41849d7262d0fd3c
[2026-01-09 20:44:45] queryWorpress llamado | Data: momentoaprendizaje?per_page=100
[2026-01-09 20:44:45] CACHE HIT | Data: age: 3114s, file: b9dcb9e8d7a9aca5ab01004af9ed9ee4
[2026-01-09 20:44:45] queryWorpress llamado | Data: gruposdeedad?per_page=100
[2026-01-09 20:44:45] CACHE HIT | Data: age: 3116s, file: cbf4f0b5d31a7acc41849d7262d0fd3c
[2026-01-09 20:44:45] queryWorpress llamado | Data: momentoaprendizaje?per_page=100
[2026-01-09 20:44:45] CACHE HIT | Data: age: 3114s, file: b9dcb9e8d7a9aca5ab01004af9ed9ee4
[2026-01-09 20:49:13] queryWorpress llamado | Data: gruposdeedad?per_page=100
[2026-01-09 20:49:13] CACHE HIT | Data: age: 3384s, file: cbf4f0b5d31a7acc41849d7262d0fd3c
[2026-01-09 20:49:13] queryWorpress llamado | Data: momentoaprendizaje?per_page=100
[2026-01-09 20:49:13] CACHE HIT | Data: age: 3382s, file: b9dcb9e8d7a9aca5ab01004af9ed9ee4
[2026-01-09 20:49:13] queryWorpress llamado | Data: formas-bcct?per_page=100
[2026-01-09 20:49:13] CACHE HIT | Data: age: 3381s, file: 8f80b0f17e2b087005b03a4f7d969d22
[2026-01-09 20:49:14] queryWorpress llamado | Data: gruposdeedad?per_page=100
[2026-01-09 20:49:14] CACHE HIT | Data: age: 3385s, file: cbf4f0b5d31a7acc41849d7262d0fd3c
[2026-01-09 20:49:14] queryWorpress llamado | Data: momentoaprendizaje?per_page=100
[2026-01-09 20:49:14] CACHE HIT | Data: age: 3383s, file: b9dcb9e8d7a9aca5ab01004af9ed9ee4
[2026-01-09 20:49:49] queryWorpress llamado | Data: gruposdeedad?per_page=100
[2026-01-09 20:49:49] CACHE HIT | Data: age: 3420s, file: cbf4f0b5d31a7acc41849d7262d0fd3c
[2026-01-09 20:49:49] queryWorpress llamado | Data: momentoaprendizaje?per_page=100
[2026-01-09 20:49:49] CACHE HIT | Data: age: 3418s, file: b9dcb9e8d7a9aca5ab01004af9ed9ee4
[2026-01-09 20:49:49] queryWorpress llamado | Data: formas-bcct?per_page=100
[2026-01-09 20:49:49] CACHE HIT | Data: age: 3417s, file: 8f80b0f17e2b087005b03a4f7d969d22
[2026-01-09 20:49:49] queryWorpress llamado | Data: gruposdeedad?per_page=100
[2026-01-09 20:49:49] CACHE HIT | Data: age: 3420s, file: cbf4f0b5d31a7acc41849d7262d0fd3c
[2026-01-09 20:49:49] queryWorpress llamado | Data: momentoaprendizaje?per_page=100
[2026-01-09 20:49:49] CACHE HIT | Data: age: 3418s, file: b9dcb9e8d7a9aca5ab01004af9ed9ee4
[2026-01-09 22:03:03] queryWorpress llamado | Data: gruposdeedad?per_page=100
[2026-01-09 22:03:03] CACHE EXPIRED | Data: age: 7814s > TTL: 3600s
[2026-01-09 22:03:05] API CALL OK | Data: HTTP: 200, time: 2248ms, saved: yes
[2026-01-09 22:03:05] queryWorpress llamado | Data: momentoaprendizaje?per_page=100
[2026-01-09 22:03:05] CACHE EXPIRED | Data: age: 7814s > TTL: 3600s
[2026-01-09 22:03:06] API CALL OK | Data: HTTP: 200, time: 1173ms, saved: yes
[2026-01-09 22:03:07] queryWorpress llamado | Data: gruposdeedad?per_page=100
[2026-01-09 22:03:07] CACHE HIT | Data: age: 2s, file: cbf4f0b5d31a7acc41849d7262d0fd3c
[2026-01-09 22:03:07] queryWorpress llamado | Data: momentoaprendizaje?per_page=100
[2026-01-09 22:03:07] CACHE HIT | Data: age: 1s, file: b9dcb9e8d7a9aca5ab01004af9ed9ee4
[2026-01-09 22:03:28] queryWorpress llamado | Data: gruposdeedad?per_page=100
[2026-01-09 22:03:28] CACHE HIT | Data: age: 23s, file: cbf4f0b5d31a7acc41849d7262d0fd3c
[2026-01-09 22:03:28] queryWorpress llamado | Data: momentoaprendizaje?per_page=100
[2026-01-09 22:03:28] CACHE HIT | Data: age: 22s, file: b9dcb9e8d7a9aca5ab01004af9ed9ee4
[2026-01-09 22:06:02] queryWorpress llamado | Data: gruposdeedad?per_page=100
[2026-01-09 22:06:03] CACHE HIT | Data: age: 177s, file: cbf4f0b5d31a7acc41849d7262d0fd3c
[2026-01-09 22:06:03] queryWorpress llamado | Data: momentoaprendizaje?per_page=100
[2026-01-09 22:06:03] CACHE HIT | Data: age: 177s, file: b9dcb9e8d7a9aca5ab01004af9ed9ee4
[2026-01-09 22:06:03] queryWorpress llamado | Data: formas-bcct?per_page=100
[2026-01-09 22:06:03] CACHE EXPIRED | Data: age: 7991s > TTL: 3600s
[2026-01-09 22:06:04] API CALL OK | Data: HTTP: 200, time: 1335ms, saved: yes
[2026-01-09 22:06:04] queryWorpress llamado | Data: gruposdeedad?per_page=100
[2026-01-09 22:06:04] CACHE HIT | Data: age: 179s, file: cbf4f0b5d31a7acc41849d7262d0fd3c
[2026-01-09 22:06:04] queryWorpress llamado | Data: momentoaprendizaje?per_page=100
[2026-01-09 22:06:04] CACHE HIT | Data: age: 178s, file: b9dcb9e8d7a9aca5ab01004af9ed9ee4
[2026-01-09 22:06:36] queryWorpress llamado | Data: gruposdeedad?per_page=100
[2026-01-09 22:06:36] CACHE HIT | Data: age: 211s, file: cbf4f0b5d31a7acc41849d7262d0fd3c
[2026-01-09 22:06:36] queryWorpress llamado | Data: momentoaprendizaje?per_page=100
[2026-01-09 22:06:36] CACHE HIT | Data: age: 210s, file: b9dcb9e8d7a9aca5ab01004af9ed9ee4
[2026-01-09 22:06:50] queryWorpress llamado | Data: gruposdeedad?per_page=100
[2026-01-09 22:06:50] CACHE HIT | Data: age: 225s, file: cbf4f0b5d31a7acc41849d7262d0fd3c
[2026-01-09 22:06:50] queryWorpress llamado | Data: momentoaprendizaje?per_page=100
[2026-01-09 22:06:50] CACHE HIT | Data: age: 224s, file: b9dcb9e8d7a9aca5ab01004af9ed9ee4
[2026-01-09 22:06:51] queryWorpress llamado | Data: gruposdeedad?per_page=100
[2026-01-09 22:06:51] CACHE HIT | Data: age: 226s, file: cbf4f0b5d31a7acc41849d7262d0fd3c
[2026-01-09 22:06:51] queryWorpress llamado | Data: momentoaprendizaje?per_page=100
[2026-01-09 22:06:51] CACHE HIT | Data: age: 225s, file: b9dcb9e8d7a9aca5ab01004af9ed9ee4
[2026-01-09 22:07:03] queryWorpress llamado | Data: gruposdeedad?per_page=100
[2026-01-09 22:07:03] CACHE HIT | Data: age: 238s, file: cbf4f0b5d31a7acc41849d7262d0fd3c
[2026-01-09 22:07:03] queryWorpress llamado | Data: momentoaprendizaje?per_page=100
[2026-01-09 22:07:03] CACHE HIT | Data: age: 237s, file: b9dcb9e8d7a9aca5ab01004af9ed9ee4
[2026-01-09 22:07:06] queryWorpress llamado | Data: gruposdeedad?per_page=100
[2026-01-09 22:07:06] CACHE HIT | Data: age: 241s, file: cbf4f0b5d31a7acc41849d7262d0fd3c
[2026-01-09 22:07:06] queryWorpress llamado | Data: momentoaprendizaje?per_page=100
[2026-01-09 22:07:06] CACHE HIT | Data: age: 240s, file: b9dcb9e8d7a9aca5ab01004af9ed9ee4
[2026-01-09 22:07:06] queryWorpress llamado | Data: gruposdeedad?per_page=100
[2026-01-09 22:07:06] CACHE HIT | Data: age: 241s, file: cbf4f0b5d31a7acc41849d7262d0fd3c
[2026-01-09 22:07:06] queryWorpress llamado | Data: momentoaprendizaje?per_page=100
[2026-01-09 22:07:06] CACHE HIT | Data: age: 240s, file: b9dcb9e8d7a9aca5ab01004af9ed9ee4
[2026-01-09 22:07:51] queryWorpress llamado | Data: gruposdeedad?per_page=100
[2026-01-09 22:07:51] CACHE HIT | Data: age: 286s, file: cbf4f0b5d31a7acc41849d7262d0fd3c
[2026-01-09 22:07:51] queryWorpress llamado | Data: momentoaprendizaje?per_page=100
[2026-01-09 22:07:51] CACHE HIT | Data: age: 285s, file: b9dcb9e8d7a9aca5ab01004af9ed9ee4
[2026-01-09 22:36:01] queryWorpress llamado | Data: gruposdeedad?per_page=100
[2026-01-09 22:36:01] CACHE HIT | Data: age: 1976s, file: cbf4f0b5d31a7acc41849d7262d0fd3c
[2026-01-09 22:36:01] queryWorpress llamado | Data: momentoaprendizaje?per_page=100
[2026-01-09 22:36:01] CACHE HIT | Data: age: 1975s, file: b9dcb9e8d7a9aca5ab01004af9ed9ee4
[2026-01-09 22:36:01] queryWorpress llamado | Data: formas-bcct?per_page=100
[2026-01-09 22:36:01] CACHE HIT | Data: age: 1797s, file: 8f80b0f17e2b087005b03a4f7d969d22
[2026-01-09 22:36:01] queryWorpress llamado | Data: gruposdeedad?per_page=100
[2026-01-09 22:36:01] CACHE HIT | Data: age: 1976s, file: cbf4f0b5d31a7acc41849d7262d0fd3c
[2026-01-09 22:36:01] queryWorpress llamado | Data: momentoaprendizaje?per_page=100
[2026-01-09 22:36:01] CACHE HIT | Data: age: 1975s, file: b9dcb9e8d7a9aca5ab01004af9ed9ee4
[2026-01-10 02:40:17] queryWorpress llamado | Data: gruposdeedad?per_page=100
[2026-01-10 02:40:17] CACHE HIT | Data: age: 193s, file: cbf4f0b5d31a7acc41849d7262d0fd3c
[2026-01-10 02:40:17] queryWorpress llamado | Data: momentoaprendizaje?per_page=100
[2026-01-10 02:40:17] CACHE HIT | Data: age: 193s, file: b9dcb9e8d7a9aca5ab01004af9ed9ee4
[2026-01-10 02:40:17] queryWorpress llamado | Data: formas-bcct?per_page=100
[2026-01-10 02:40:17] CACHE HIT | Data: age: 193s, file: 8f80b0f17e2b087005b03a4f7d969d22
[2026-01-10 02:40:17] queryWorpress llamado | Data: gruposdeedad?per_page=100
[2026-01-10 02:40:17] CACHE HIT | Data: age: 193s, file: cbf4f0b5d31a7acc41849d7262d0fd3c
[2026-01-10 02:40:17] queryWorpress llamado | Data: momentoaprendizaje?per_page=100
[2026-01-10 02:40:17] CACHE HIT | Data: age: 193s, file: b9dcb9e8d7a9aca5ab01004af9ed9ee4
[2026-01-10 02:40:33] queryWorpress llamado | Data: gruposdeedad?per_page=100
[2026-01-10 02:40:33] CACHE HIT | Data: age: 209s, file: cbf4f0b5d31a7acc41849d7262d0fd3c
[2026-01-10 02:40:33] queryWorpress llamado | Data: momentoaprendizaje?per_page=100
[2026-01-10 02:40:33] CACHE HIT | Data: age: 209s, file: b9dcb9e8d7a9aca5ab01004af9ed9ee4
[2026-01-10 13:51:35] queryWorpress llamado | Data: gruposdeedad?per_page=100
[2026-01-10 13:51:35] CACHE EXPIRED | Data: age: 40471s > TTL: 3600s
[2026-01-10 13:51:38] API CALL OK | Data: HTTP: 200, time: 2640ms, saved: yes
[2026-01-10 13:51:38] queryWorpress llamado | Data: momentoaprendizaje?per_page=100
[2026-01-10 13:51:38] CACHE EXPIRED | Data: age: 40474s > TTL: 3600s
[2026-01-10 13:51:39] API CALL OK | Data: HTTP: 200, time: 1081ms, saved: yes
[2026-01-10 13:51:39] queryWorpress llamado | Data: formas-bcct?per_page=100
[2026-01-10 13:51:39] CACHE EXPIRED | Data: age: 40475s > TTL: 3600s
[2026-01-10 13:51:40] API CALL OK | Data: HTTP: 200, time: 1088ms, saved: yes
[2026-01-10 13:51:40] queryWorpress llamado | Data: gruposdeedad?per_page=100
[2026-01-10 13:51:40] CACHE HIT | Data: age: 2s, file: cbf4f0b5d31a7acc41849d7262d0fd3c
[2026-01-10 13:51:40] queryWorpress llamado | Data: momentoaprendizaje?per_page=100
[2026-01-10 13:51:40] CACHE HIT | Data: age: 1s, file: b9dcb9e8d7a9aca5ab01004af9ed9ee4
[2026-01-10 13:52:26] queryWorpress llamado | Data: gruposdeedad?per_page=100
[2026-01-10 13:52:26] CACHE HIT | Data: age: 48s, file: cbf4f0b5d31a7acc41849d7262d0fd3c
[2026-01-10 13:52:26] queryWorpress llamado | Data: momentoaprendizaje?per_page=100
[2026-01-10 13:52:26] CACHE HIT | Data: age: 47s, file: b9dcb9e8d7a9aca5ab01004af9ed9ee4
[2026-01-10 14:02:45] queryWorpress llamado | Data: gruposdeedad?per_page=100
[2026-01-10 14:02:45] CACHE HIT | Data: age: 667s, file: cbf4f0b5d31a7acc41849d7262d0fd3c
[2026-01-10 14:02:45] queryWorpress llamado | Data: momentoaprendizaje?per_page=100
[2026-01-10 14:02:45] CACHE HIT | Data: age: 666s, file: b9dcb9e8d7a9aca5ab01004af9ed9ee4
[2026-01-10 14:02:45] queryWorpress llamado | Data: formas-bcct?per_page=100
[2026-01-10 14:02:45] CACHE HIT | Data: age: 665s, file: 8f80b0f17e2b087005b03a4f7d969d22
[2026-01-10 14:02:45] queryWorpress llamado | Data: gruposdeedad?per_page=100
[2026-01-10 14:02:45] CACHE HIT | Data: age: 667s, file: cbf4f0b5d31a7acc41849d7262d0fd3c
[2026-01-10 14:02:45] queryWorpress llamado | Data: momentoaprendizaje?per_page=100
[2026-01-10 14:02:45] CACHE HIT | Data: age: 666s, file: b9dcb9e8d7a9aca5ab01004af9ed9ee4
[2026-01-12 14:37:01] queryWorpress llamado | Data: gruposdeedad?per_page=100
[2026-01-12 14:37:01] CACHE EXPIRED | Data: age: 175523s > TTL: 3600s
[2026-01-12 14:37:03] API CALL OK | Data: HTTP: 200, time: 2340ms, saved: yes
[2026-01-12 14:37:03] queryWorpress llamado | Data: momentoaprendizaje?per_page=100
[2026-01-12 14:37:03] CACHE EXPIRED | Data: age: 175524s > TTL: 3600s
[2026-01-12 14:37:05] API CALL OK | Data: HTTP: 200, time: 1374ms, saved: yes
[2026-01-12 14:37:05] queryWorpress llamado | Data: formas-bcct?per_page=100
[2026-01-12 14:37:05] CACHE EXPIRED | Data: age: 175525s > TTL: 3600s
[2026-01-12 14:37:06] API CALL OK | Data: HTTP: 200, time: 1089ms, saved: yes
[2026-01-12 14:37:07] queryWorpress llamado | Data: gruposdeedad?per_page=100
[2026-01-12 14:37:07] CACHE HIT | Data: age: 4s, file: cbf4f0b5d31a7acc41849d7262d0fd3c
[2026-01-12 14:37:07] queryWorpress llamado | Data: momentoaprendizaje?per_page=100
[2026-01-12 14:37:07] CACHE HIT | Data: age: 2s, file: b9dcb9e8d7a9aca5ab01004af9ed9ee4
[2026-01-12 14:39:45] queryWorpress llamado | Data: gruposdeedad?per_page=100
[2026-01-12 14:39:45] CACHE HIT | Data: age: 162s, file: cbf4f0b5d31a7acc41849d7262d0fd3c
[2026-01-12 14:39:45] queryWorpress llamado | Data: momentoaprendizaje?per_page=100
[2026-01-12 14:39:45] CACHE HIT | Data: age: 160s, file: b9dcb9e8d7a9aca5ab01004af9ed9ee4
[2026-01-12 14:44:11] queryWorpress llamado | Data: gruposdeedad?per_page=100
[2026-01-12 14:44:11] CACHE HIT | Data: age: 428s, file: cbf4f0b5d31a7acc41849d7262d0fd3c
[2026-01-12 14:44:11] queryWorpress llamado | Data: momentoaprendizaje?per_page=100
[2026-01-12 14:44:11] CACHE HIT | Data: age: 426s, file: b9dcb9e8d7a9aca5ab01004af9ed9ee4
[2026-01-12 14:44:11] queryWorpress llamado | Data: formas-bcct?per_page=100
[2026-01-12 14:44:11] CACHE HIT | Data: age: 425s, file: 8f80b0f17e2b087005b03a4f7d969d22
[2026-01-12 14:44:11] queryWorpress llamado | Data: gruposdeedad?per_page=100
[2026-01-12 14:44:11] CACHE HIT | Data: age: 428s, file: cbf4f0b5d31a7acc41849d7262d0fd3c
[2026-01-12 14:44:11] queryWorpress llamado | Data: momentoaprendizaje?per_page=100
[2026-01-12 14:44:11] CACHE HIT | Data: age: 426s, file: b9dcb9e8d7a9aca5ab01004af9ed9ee4
[2026-01-13 15:06:20] queryWorpress llamado | Data: gruposdeedad?per_page=100
[2026-01-13 15:06:20] CACHE EXPIRED | Data: age: 88157s > TTL: 3600s
[2026-01-13 15:06:22] API CALL OK | Data: HTTP: 200, time: 1726ms, saved: yes
[2026-01-13 15:06:22] queryWorpress llamado | Data: momentoaprendizaje?per_page=100
[2026-01-13 15:06:22] CACHE EXPIRED | Data: age: 88157s > TTL: 3600s
[2026-01-13 15:06:23] API CALL OK | Data: HTTP: 200, time: 1429ms, saved: yes
[2026-01-13 15:06:23] queryWorpress llamado | Data: formas-bcct?per_page=100
[2026-01-13 15:06:23] CACHE EXPIRED | Data: age: 88157s > TTL: 3600s
[2026-01-13 15:06:24] API CALL OK | Data: HTTP: 200, time: 1121ms, saved: yes
[2026-01-13 15:06:25] queryWorpress llamado | Data: gruposdeedad?per_page=100
[2026-01-13 15:06:25] CACHE HIT | Data: age: 3s, file: cbf4f0b5d31a7acc41849d7262d0fd3c
[2026-01-13 15:06:25] queryWorpress llamado | Data: momentoaprendizaje?per_page=100
[2026-01-13 15:06:25] CACHE HIT | Data: age: 2s, file: b9dcb9e8d7a9aca5ab01004af9ed9ee4
[2026-01-13 15:06:45] queryWorpress llamado | Data: gruposdeedad?per_page=100
[2026-01-13 15:06:45] CACHE HIT | Data: age: 23s, file: cbf4f0b5d31a7acc41849d7262d0fd3c
[2026-01-13 15:06:45] queryWorpress llamado | Data: momentoaprendizaje?per_page=100
[2026-01-13 15:06:45] CACHE HIT | Data: age: 22s, file: b9dcb9e8d7a9aca5ab01004af9ed9ee4
[2026-01-13 16:36:04] queryWorpress llamado | Data: gruposdeedad?per_page=100
[2026-01-13 16:36:04] CACHE EXPIRED | Data: age: 5382s > TTL: 3600s
[2026-01-13 16:36:06] API CALL OK | Data: HTTP: 200, time: 2345ms, saved: yes
[2026-01-13 16:36:06] queryWorpress llamado | Data: momentoaprendizaje?per_page=100
[2026-01-13 16:36:06] CACHE EXPIRED | Data: age: 5383s > TTL: 3600s
[2026-01-13 16:36:08] API CALL OK | Data: HTTP: 200, time: 1425ms, saved: yes
[2026-01-13 16:36:08] queryWorpress llamado | Data: formas-bcct?per_page=100
[2026-01-13 16:36:08] CACHE EXPIRED | Data: age: 5384s > TTL: 3600s
[2026-01-13 16:36:09] API CALL OK | Data: HTTP: 200, time: 1183ms, saved: yes
[2026-01-13 16:36:09] queryWorpress llamado | Data: gruposdeedad?per_page=100
[2026-01-13 16:36:09] CACHE HIT | Data: age: 3s, file: cbf4f0b5d31a7acc41849d7262d0fd3c
[2026-01-13 16:36:09] queryWorpress llamado | Data: momentoaprendizaje?per_page=100
[2026-01-13 16:36:09] CACHE HIT | Data: age: 1s, file: b9dcb9e8d7a9aca5ab01004af9ed9ee4
[2026-01-13 16:36:36] queryWorpress llamado | Data: gruposdeedad?per_page=100
[2026-01-13 16:36:36] CACHE HIT | Data: age: 30s, file: cbf4f0b5d31a7acc41849d7262d0fd3c
[2026-01-13 16:36:36] queryWorpress llamado | Data: momentoaprendizaje?per_page=100
[2026-01-13 16:36:36] CACHE HIT | Data: age: 28s, file: b9dcb9e8d7a9aca5ab01004af9ed9ee4
[2026-01-13 16:36:36] queryWorpress llamado | Data: gruposdeedad?per_page=100
[2026-01-13 16:36:36] CACHE HIT | Data: age: 30s, file: cbf4f0b5d31a7acc41849d7262d0fd3c
[2026-01-13 16:36:36] queryWorpress llamado | Data: momentoaprendizaje?per_page=100
[2026-01-13 16:36:36] CACHE HIT | Data: age: 28s, file: b9dcb9e8d7a9aca5ab01004af9ed9ee4
[2026-01-13 16:37:01] queryWorpress llamado | Data: gruposdeedad?per_page=100
[2026-01-13 16:37:01] CACHE HIT | Data: age: 55s, file: cbf4f0b5d31a7acc41849d7262d0fd3c
[2026-01-13 16:37:01] queryWorpress llamado | Data: momentoaprendizaje?per_page=100
[2026-01-13 16:37:01] CACHE HIT | Data: age: 53s, file: b9dcb9e8d7a9aca5ab01004af9ed9ee4
[2026-01-13 17:06:31] queryWorpress llamado | Data: gruposdeedad?per_page=100
[2026-01-13 17:06:31] CACHE HIT | Data: age: 1825s, file: cbf4f0b5d31a7acc41849d7262d0fd3c
[2026-01-13 17:06:31] queryWorpress llamado | Data: momentoaprendizaje?per_page=100
[2026-01-13 17:06:31] CACHE HIT | Data: age: 1823s, file: b9dcb9e8d7a9aca5ab01004af9ed9ee4
[2026-01-13 17:06:31] queryWorpress llamado | Data: formas-bcct?per_page=100
[2026-01-13 17:06:31] CACHE HIT | Data: age: 1822s, file: 8f80b0f17e2b087005b03a4f7d969d22
[2026-01-13 17:06:31] queryWorpress llamado | Data: gruposdeedad?per_page=100
[2026-01-13 17:06:31] CACHE HIT | Data: age: 1825s, file: cbf4f0b5d31a7acc41849d7262d0fd3c
[2026-01-13 17:06:31] queryWorpress llamado | Data: momentoaprendizaje?per_page=100
[2026-01-13 17:06:31] CACHE HIT | Data: age: 1823s, file: b9dcb9e8d7a9aca5ab01004af9ed9ee4
[2026-01-13 20:43:42] queryWorpress llamado | Data: gruposdeedad?per_page=100
[2026-01-13 20:43:42] CACHE EXPIRED | Data: age: 14856s > TTL: 3600s
[2026-01-13 20:43:44] API CALL OK | Data: HTTP: 200, time: 1807ms, saved: yes
[2026-01-13 20:43:44] queryWorpress llamado | Data: momentoaprendizaje?per_page=100
[2026-01-13 20:43:44] CACHE EXPIRED | Data: age: 14856s > TTL: 3600s
[2026-01-13 20:43:45] API CALL OK | Data: HTTP: 200, time: 980ms, saved: yes
[2026-01-13 20:43:45] queryWorpress llamado | Data: gruposdeedad?per_page=100
[2026-01-13 20:43:45] CACHE HIT | Data: age: 1s, file: cbf4f0b5d31a7acc41849d7262d0fd3c
[2026-01-13 20:43:45] queryWorpress llamado | Data: momentoaprendizaje?per_page=100
[2026-01-13 20:43:45] CACHE HIT | Data: age: 0s, file: b9dcb9e8d7a9aca5ab01004af9ed9ee4
[2026-01-13 20:44:11] queryWorpress llamado | Data: gruposdeedad?per_page=100
[2026-01-13 20:44:11] CACHE HIT | Data: age: 27s, file: cbf4f0b5d31a7acc41849d7262d0fd3c
[2026-01-13 20:44:11] queryWorpress llamado | Data: momentoaprendizaje?per_page=100
[2026-01-13 20:44:11] CACHE HIT | Data: age: 26s, file: b9dcb9e8d7a9aca5ab01004af9ed9ee4
[2026-01-13 20:44:21] queryWorpress llamado | Data: gruposdeedad?per_page=100
[2026-01-13 20:44:21] CACHE HIT | Data: age: 37s, file: cbf4f0b5d31a7acc41849d7262d0fd3c
[2026-01-13 20:44:21] queryWorpress llamado | Data: momentoaprendizaje?per_page=100
[2026-01-13 20:44:21] CACHE HIT | Data: age: 36s, file: b9dcb9e8d7a9aca5ab01004af9ed9ee4
[2026-01-13 20:44:21] queryWorpress llamado | Data: gruposdeedad?per_page=100
[2026-01-13 20:44:21] CACHE HIT | Data: age: 37s, file: cbf4f0b5d31a7acc41849d7262d0fd3c
[2026-01-13 20:44:21] queryWorpress llamado | Data: momentoaprendizaje?per_page=100
[2026-01-13 20:44:21] CACHE HIT | Data: age: 36s, file: b9dcb9e8d7a9aca5ab01004af9ed9ee4
[2026-01-13 20:44:27] queryWorpress llamado | Data: gruposdeedad?per_page=100
[2026-01-13 20:44:27] CACHE HIT | Data: age: 43s, file: cbf4f0b5d31a7acc41849d7262d0fd3c
[2026-01-13 20:44:27] queryWorpress llamado | Data: momentoaprendizaje?per_page=100
[2026-01-13 20:44:27] CACHE HIT | Data: age: 42s, file: b9dcb9e8d7a9aca5ab01004af9ed9ee4
[2026-01-13 20:44:47] queryWorpress llamado | Data: gruposdeedad?per_page=100
[2026-01-13 20:44:47] CACHE HIT | Data: age: 63s, file: cbf4f0b5d31a7acc41849d7262d0fd3c
[2026-01-13 20:44:47] queryWorpress llamado | Data: momentoaprendizaje?per_page=100
[2026-01-13 20:44:47] CACHE HIT | Data: age: 62s, file: b9dcb9e8d7a9aca5ab01004af9ed9ee4
[2026-01-13 20:44:47] queryWorpress llamado | Data: gruposdeedad?per_page=100
[2026-01-13 20:44:47] CACHE HIT | Data: age: 63s, file: cbf4f0b5d31a7acc41849d7262d0fd3c
[2026-01-13 20:44:47] queryWorpress llamado | Data: momentoaprendizaje?per_page=100
[2026-01-13 20:44:47] CACHE HIT | Data: age: 62s, file: b9dcb9e8d7a9aca5ab01004af9ed9ee4
[2026-01-13 20:44:55] queryWorpress llamado | Data: gruposdeedad?per_page=100
[2026-01-13 20:44:55] CACHE HIT | Data: age: 71s, file: cbf4f0b5d31a7acc41849d7262d0fd3c
[2026-01-13 20:44:55] queryWorpress llamado | Data: momentoaprendizaje?per_page=100
[2026-01-13 20:44:55] CACHE HIT | Data: age: 70s, file: b9dcb9e8d7a9aca5ab01004af9ed9ee4
[2026-01-13 20:45:52] queryWorpress llamado | Data: gruposdeedad?per_page=100
[2026-01-13 20:45:52] CACHE HIT | Data: age: 128s, file: cbf4f0b5d31a7acc41849d7262d0fd3c
[2026-01-13 20:45:52] queryWorpress llamado | Data: momentoaprendizaje?per_page=100
[2026-01-13 20:45:52] CACHE HIT | Data: age: 127s, file: b9dcb9e8d7a9aca5ab01004af9ed9ee4
[2026-01-13 20:45:52] queryWorpress llamado | Data: formas-bcct?per_page=100
[2026-01-13 20:45:52] CACHE EXPIRED | Data: age: 14983s > TTL: 3600s
[2026-01-13 20:45:53] API CALL OK | Data: HTTP: 200, time: 1083ms, saved: yes
[2026-01-13 20:45:54] queryWorpress llamado | Data: gruposdeedad?per_page=100
[2026-01-13 20:45:54] CACHE HIT | Data: age: 130s, file: cbf4f0b5d31a7acc41849d7262d0fd3c
[2026-01-13 20:45:54] queryWorpress llamado | Data: momentoaprendizaje?per_page=100
[2026-01-13 20:45:54] CACHE HIT | Data: age: 129s, file: b9dcb9e8d7a9aca5ab01004af9ed9ee4
[2026-01-13 20:46:07] queryWorpress llamado | Data: gruposdeedad?per_page=100
[2026-01-13 20:46:07] CACHE HIT | Data: age: 143s, file: cbf4f0b5d31a7acc41849d7262d0fd3c
[2026-01-13 20:46:07] queryWorpress llamado | Data: momentoaprendizaje?per_page=100
[2026-01-13 20:46:07] CACHE HIT | Data: age: 142s, file: b9dcb9e8d7a9aca5ab01004af9ed9ee4
[2026-01-13 20:47:44] queryWorpress llamado | Data: gruposdeedad?per_page=100
[2026-01-13 20:47:44] CACHE HIT | Data: age: 240s, file: cbf4f0b5d31a7acc41849d7262d0fd3c
[2026-01-13 20:47:44] queryWorpress llamado | Data: momentoaprendizaje?per_page=100
[2026-01-13 20:47:44] CACHE HIT | Data: age: 239s, file: b9dcb9e8d7a9aca5ab01004af9ed9ee4
[2026-01-13 20:47:44] queryWorpress llamado | Data: formas-bcct?per_page=100
[2026-01-13 20:47:44] CACHE HIT | Data: age: 111s, file: 8f80b0f17e2b087005b03a4f7d969d22
[2026-01-13 20:47:45] queryWorpress llamado | Data: gruposdeedad?per_page=100
[2026-01-13 20:47:45] CACHE HIT | Data: age: 241s, file: cbf4f0b5d31a7acc41849d7262d0fd3c
[2026-01-13 20:47:45] queryWorpress llamado | Data: momentoaprendizaje?per_page=100
[2026-01-13 20:47:45] CACHE HIT | Data: age: 240s, file: b9dcb9e8d7a9aca5ab01004af9ed9ee4
[2026-01-13 20:51:33] queryWorpress llamado | Data: gruposdeedad?per_page=100
[2026-01-13 20:51:33] CACHE HIT | Data: age: 469s, file: cbf4f0b5d31a7acc41849d7262d0fd3c
[2026-01-13 20:51:33] queryWorpress llamado | Data: momentoaprendizaje?per_page=100
[2026-01-13 20:51:33] CACHE HIT | Data: age: 468s, file: b9dcb9e8d7a9aca5ab01004af9ed9ee4
[2026-01-13 20:52:03] queryWorpress llamado | Data: gruposdeedad?per_page=100
[2026-01-13 20:52:03] CACHE HIT | Data: age: 499s, file: cbf4f0b5d31a7acc41849d7262d0fd3c
[2026-01-13 20:52:03] queryWorpress llamado | Data: momentoaprendizaje?per_page=100
[2026-01-13 20:52:03] CACHE HIT | Data: age: 498s, file: b9dcb9e8d7a9aca5ab01004af9ed9ee4
[2026-01-13 20:52:06] queryWorpress llamado | Data: gruposdeedad?per_page=100
[2026-01-13 20:52:06] CACHE HIT | Data: age: 502s, file: cbf4f0b5d31a7acc41849d7262d0fd3c
[2026-01-13 20:52:06] queryWorpress llamado | Data: momentoaprendizaje?per_page=100
[2026-01-13 20:52:06] CACHE HIT | Data: age: 501s, file: b9dcb9e8d7a9aca5ab01004af9ed9ee4
[2026-01-13 20:52:06] queryWorpress llamado | Data: formas-bcct?per_page=100
[2026-01-13 20:52:06] CACHE HIT | Data: age: 373s, file: 8f80b0f17e2b087005b03a4f7d969d22
[2026-01-13 20:52:06] queryWorpress llamado | Data: gruposdeedad?per_page=100
[2026-01-13 20:52:06] CACHE HIT | Data: age: 502s, file: cbf4f0b5d31a7acc41849d7262d0fd3c
[2026-01-13 20:52:06] queryWorpress llamado | Data: momentoaprendizaje?per_page=100
[2026-01-13 20:52:06] CACHE HIT | Data: age: 501s, file: b9dcb9e8d7a9aca5ab01004af9ed9ee4
[2026-01-13 20:52:24] queryWorpress llamado | Data: gruposdeedad?per_page=100
[2026-01-13 20:52:24] CACHE HIT | Data: age: 520s, file: cbf4f0b5d31a7acc41849d7262d0fd3c
[2026-01-13 20:52:24] queryWorpress llamado | Data: momentoaprendizaje?per_page=100
[2026-01-13 20:52:24] CACHE HIT | Data: age: 519s, file: b9dcb9e8d7a9aca5ab01004af9ed9ee4
[2026-01-13 20:52:31] queryWorpress llamado | Data: gruposdeedad?per_page=100
[2026-01-13 20:52:31] CACHE HIT | Data: age: 527s, file: cbf4f0b5d31a7acc41849d7262d0fd3c
[2026-01-13 20:52:31] queryWorpress llamado | Data: momentoaprendizaje?per_page=100
[2026-01-13 20:52:31] CACHE HIT | Data: age: 526s, file: b9dcb9e8d7a9aca5ab01004af9ed9ee4
[2026-01-13 20:57:59] queryWorpress llamado | Data: gruposdeedad?per_page=100
[2026-01-13 20:57:59] CACHE HIT | Data: age: 855s, file: cbf4f0b5d31a7acc41849d7262d0fd3c
[2026-01-13 20:57:59] queryWorpress llamado | Data: momentoaprendizaje?per_page=100
[2026-01-13 20:57:59] CACHE HIT | Data: age: 854s, file: b9dcb9e8d7a9aca5ab01004af9ed9ee4
[2026-01-13 20:57:59] queryWorpress llamado | Data: formas-bcct?per_page=100
[2026-01-13 20:57:59] CACHE HIT | Data: age: 726s, file: 8f80b0f17e2b087005b03a4f7d969d22
[2026-01-13 20:58:00] queryWorpress llamado | Data: gruposdeedad?per_page=100
[2026-01-13 20:58:00] CACHE HIT | Data: age: 856s, file: cbf4f0b5d31a7acc41849d7262d0fd3c
[2026-01-13 20:58:00] queryWorpress llamado | Data: momentoaprendizaje?per_page=100
[2026-01-13 20:58:00] CACHE HIT | Data: age: 855s, file: b9dcb9e8d7a9aca5ab01004af9ed9ee4
[2026-01-13 20:58:15] queryWorpress llamado | Data: gruposdeedad?per_page=100
[2026-01-13 20:58:15] CACHE HIT | Data: age: 871s, file: cbf4f0b5d31a7acc41849d7262d0fd3c
[2026-01-13 20:58:15] queryWorpress llamado | Data: momentoaprendizaje?per_page=100
[2026-01-13 20:58:15] CACHE HIT | Data: age: 870s, file: b9dcb9e8d7a9aca5ab01004af9ed9ee4
[2026-01-13 20:58:25] queryWorpress llamado | Data: gruposdeedad?per_page=100
[2026-01-13 20:58:25] CACHE HIT | Data: age: 881s, file: cbf4f0b5d31a7acc41849d7262d0fd3c
[2026-01-13 20:58:25] queryWorpress llamado | Data: momentoaprendizaje?per_page=100
[2026-01-13 20:58:25] CACHE HIT | Data: age: 880s, file: b9dcb9e8d7a9aca5ab01004af9ed9ee4
[2026-01-13 20:58:25] queryWorpress llamado | Data: gruposdeedad?per_page=100
[2026-01-13 20:58:25] CACHE HIT | Data: age: 881s, file: cbf4f0b5d31a7acc41849d7262d0fd3c
[2026-01-13 20:58:25] queryWorpress llamado | Data: momentoaprendizaje?per_page=100
[2026-01-13 20:58:25] CACHE HIT | Data: age: 880s, file: b9dcb9e8d7a9aca5ab01004af9ed9ee4
[2026-01-13 20:58:40] queryWorpress llamado | Data: gruposdeedad?per_page=100
[2026-01-13 20:58:40] CACHE HIT | Data: age: 896s, file: cbf4f0b5d31a7acc41849d7262d0fd3c
[2026-01-13 20:58:40] queryWorpress llamado | Data: momentoaprendizaje?per_page=100
[2026-01-13 20:58:40] CACHE HIT | Data: age: 895s, file: b9dcb9e8d7a9aca5ab01004af9ed9ee4
[2026-01-13 20:58:59] queryWorpress llamado | Data: gruposdeedad?per_page=100
[2026-01-13 20:58:59] CACHE HIT | Data: age: 915s, file: cbf4f0b5d31a7acc41849d7262d0fd3c
[2026-01-13 20:58:59] queryWorpress llamado | Data: momentoaprendizaje?per_page=100
[2026-01-13 20:58:59] CACHE HIT | Data: age: 914s, file: b9dcb9e8d7a9aca5ab01004af9ed9ee4
[2026-01-13 20:59:20] queryWorpress llamado | Data: gruposdeedad?per_page=100
[2026-01-13 20:59:20] CACHE HIT | Data: age: 936s, file: cbf4f0b5d31a7acc41849d7262d0fd3c
[2026-01-13 20:59:20] queryWorpress llamado | Data: momentoaprendizaje?per_page=100
[2026-01-13 20:59:20] CACHE HIT | Data: age: 935s, file: b9dcb9e8d7a9aca5ab01004af9ed9ee4
[2026-01-13 21:05:31] queryWorpress llamado | Data: gruposdeedad?per_page=100
[2026-01-13 21:05:31] CACHE HIT | Data: age: 1307s, file: cbf4f0b5d31a7acc41849d7262d0fd3c
[2026-01-13 21:05:31] queryWorpress llamado | Data: momentoaprendizaje?per_page=100
[2026-01-13 21:05:31] CACHE HIT | Data: age: 1306s, file: b9dcb9e8d7a9aca5ab01004af9ed9ee4
[2026-01-13 21:05:31] queryWorpress llamado | Data: formas-bcct?per_page=100
[2026-01-13 21:05:31] CACHE HIT | Data: age: 1178s, file: 8f80b0f17e2b087005b03a4f7d969d22
[2026-01-13 21:05:31] queryWorpress llamado | Data: gruposdeedad?per_page=100
[2026-01-13 21:05:31] CACHE HIT | Data: age: 1307s, file: cbf4f0b5d31a7acc41849d7262d0fd3c
[2026-01-13 21:05:31] queryWorpress llamado | Data: momentoaprendizaje?per_page=100
[2026-01-13 21:05:31] CACHE HIT | Data: age: 1306s, file: b9dcb9e8d7a9aca5ab01004af9ed9ee4
[2026-01-13 21:05:49] queryWorpress llamado | Data: gruposdeedad?per_page=100
[2026-01-13 21:05:49] CACHE HIT | Data: age: 1325s, file: cbf4f0b5d31a7acc41849d7262d0fd3c
[2026-01-13 21:05:49] queryWorpress llamado | Data: momentoaprendizaje?per_page=100
[2026-01-13 21:05:49] CACHE HIT | Data: age: 1324s, file: b9dcb9e8d7a9aca5ab01004af9ed9ee4
[2026-01-13 21:12:41] queryWorpress llamado | Data: gruposdeedad?per_page=100
[2026-01-13 21:12:41] CACHE HIT | Data: age: 1737s, file: cbf4f0b5d31a7acc41849d7262d0fd3c
[2026-01-13 21:12:41] queryWorpress llamado | Data: momentoaprendizaje?per_page=100
[2026-01-13 21:12:41] CACHE HIT | Data: age: 1736s, file: b9dcb9e8d7a9aca5ab01004af9ed9ee4
[2026-01-13 21:12:42] queryWorpress llamado | Data: gruposdeedad?per_page=100
[2026-01-13 21:12:42] CACHE HIT | Data: age: 1738s, file: cbf4f0b5d31a7acc41849d7262d0fd3c
[2026-01-13 21:12:42] queryWorpress llamado | Data: momentoaprendizaje?per_page=100
[2026-01-13 21:12:42] CACHE HIT | Data: age: 1737s, file: b9dcb9e8d7a9aca5ab01004af9ed9ee4
[2026-01-13 21:12:55] queryWorpress llamado | Data: gruposdeedad?per_page=100
[2026-01-13 21:12:55] CACHE HIT | Data: age: 1751s, file: cbf4f0b5d31a7acc41849d7262d0fd3c
[2026-01-13 21:12:55] queryWorpress llamado | Data: momentoaprendizaje?per_page=100
[2026-01-13 21:12:55] CACHE HIT | Data: age: 1750s, file: b9dcb9e8d7a9aca5ab01004af9ed9ee4
[2026-01-13 21:17:18] queryWorpress llamado | Data: gruposdeedad?per_page=100
[2026-01-13 21:17:18] CACHE HIT | Data: age: 2014s, file: cbf4f0b5d31a7acc41849d7262d0fd3c
[2026-01-13 21:17:18] queryWorpress llamado | Data: momentoaprendizaje?per_page=100
[2026-01-13 21:17:18] CACHE HIT | Data: age: 2013s, file: b9dcb9e8d7a9aca5ab01004af9ed9ee4
[2026-01-13 21:17:19] queryWorpress llamado | Data: gruposdeedad?per_page=100
[2026-01-13 21:17:19] CACHE HIT | Data: age: 2015s, file: cbf4f0b5d31a7acc41849d7262d0fd3c
[2026-01-13 21:17:19] queryWorpress llamado | Data: momentoaprendizaje?per_page=100
[2026-01-13 21:17:19] CACHE HIT | Data: age: 2014s, file: b9dcb9e8d7a9aca5ab01004af9ed9ee4
[2026-01-13 21:17:49] queryWorpress llamado | Data: gruposdeedad?per_page=100
[2026-01-13 21:17:49] CACHE HIT | Data: age: 2045s, file: cbf4f0b5d31a7acc41849d7262d0fd3c
[2026-01-13 21:17:49] queryWorpress llamado | Data: momentoaprendizaje?per_page=100
[2026-01-13 21:17:49] CACHE HIT | Data: age: 2044s, file: b9dcb9e8d7a9aca5ab01004af9ed9ee4
[2026-01-13 21:18:55] queryWorpress llamado | Data: gruposdeedad?per_page=100
[2026-01-13 21:18:55] CACHE HIT | Data: age: 2111s, file: cbf4f0b5d31a7acc41849d7262d0fd3c
[2026-01-13 21:18:55] queryWorpress llamado | Data: momentoaprendizaje?per_page=100
[2026-01-13 21:18:55] CACHE HIT | Data: age: 2110s, file: b9dcb9e8d7a9aca5ab01004af9ed9ee4
[2026-01-13 21:19:07] queryWorpress llamado | Data: gruposdeedad?per_page=100
[2026-01-13 21:19:07] CACHE HIT | Data: age: 2123s, file: cbf4f0b5d31a7acc41849d7262d0fd3c
[2026-01-13 21:19:07] queryWorpress llamado | Data: momentoaprendizaje?per_page=100
[2026-01-13 21:19:07] CACHE HIT | Data: age: 2122s, file: b9dcb9e8d7a9aca5ab01004af9ed9ee4
[2026-01-13 21:20:03] queryWorpress llamado | Data: gruposdeedad?per_page=100
[2026-01-13 21:20:03] CACHE HIT | Data: age: 2179s, file: cbf4f0b5d31a7acc41849d7262d0fd3c
[2026-01-13 21:20:03] queryWorpress llamado | Data: momentoaprendizaje?per_page=100
[2026-01-13 21:20:03] CACHE HIT | Data: age: 2178s, file: b9dcb9e8d7a9aca5ab01004af9ed9ee4
[2026-01-13 21:20:03] queryWorpress llamado | Data: formas-bcct?per_page=100
[2026-01-13 21:20:03] CACHE HIT | Data: age: 2050s, file: 8f80b0f17e2b087005b03a4f7d969d22
[2026-01-13 21:20:03] queryWorpress llamado | Data: gruposdeedad?per_page=100
[2026-01-13 21:20:03] CACHE HIT | Data: age: 2179s, file: cbf4f0b5d31a7acc41849d7262d0fd3c
[2026-01-13 21:20:03] queryWorpress llamado | Data: momentoaprendizaje?per_page=100
[2026-01-13 21:20:03] CACHE HIT | Data: age: 2178s, file: b9dcb9e8d7a9aca5ab01004af9ed9ee4
[2026-01-13 21:20:22] queryWorpress llamado | Data: gruposdeedad?per_page=100
[2026-01-13 21:20:22] CACHE HIT | Data: age: 2198s, file: cbf4f0b5d31a7acc41849d7262d0fd3c
[2026-01-13 21:20:22] queryWorpress llamado | Data: momentoaprendizaje?per_page=100
[2026-01-13 21:20:22] CACHE HIT | Data: age: 2197s, file: b9dcb9e8d7a9aca5ab01004af9ed9ee4
[2026-01-13 21:20:46] queryWorpress llamado | Data: gruposdeedad?per_page=100
[2026-01-13 21:20:46] CACHE HIT | Data: age: 2222s, file: cbf4f0b5d31a7acc41849d7262d0fd3c
[2026-01-13 21:20:46] queryWorpress llamado | Data: momentoaprendizaje?per_page=100
[2026-01-13 21:20:46] CACHE HIT | Data: age: 2221s, file: b9dcb9e8d7a9aca5ab01004af9ed9ee4
[2026-01-13 21:26:36] queryWorpress llamado | Data: gruposdeedad?per_page=100
[2026-01-13 21:26:36] CACHE HIT | Data: age: 2572s, file: cbf4f0b5d31a7acc41849d7262d0fd3c
[2026-01-13 21:26:36] queryWorpress llamado | Data: momentoaprendizaje?per_page=100
[2026-01-13 21:26:36] CACHE HIT | Data: age: 2571s, file: b9dcb9e8d7a9aca5ab01004af9ed9ee4
[2026-01-13 21:26:36] queryWorpress llamado | Data: formas-bcct?per_page=100
[2026-01-13 21:26:36] CACHE HIT | Data: age: 2443s, file: 8f80b0f17e2b087005b03a4f7d969d22
[2026-01-13 21:26:36] queryWorpress llamado | Data: gruposdeedad?per_page=100
[2026-01-13 21:26:36] CACHE HIT | Data: age: 2572s, file: cbf4f0b5d31a7acc41849d7262d0fd3c
[2026-01-13 21:26:36] queryWorpress llamado | Data: momentoaprendizaje?per_page=100
[2026-01-13 21:26:36] CACHE HIT | Data: age: 2571s, file: b9dcb9e8d7a9aca5ab01004af9ed9ee4
[2026-01-14 01:59:53] queryWorpress llamado | Data: gruposdeedad?per_page=100
[2026-01-14 01:59:53] CACHE EXPIRED | Data: age: 18969s > TTL: 3600s
[2026-01-14 01:59:57] API CALL | Data: HTTP: 500, time: 3772ms, not cached (null response)
[2026-01-14 01:59:57] queryWorpress llamado | Data: momentoaprendizaje?per_page=100
[2026-01-14 01:59:57] CACHE EXPIRED | Data: age: 18972s > TTL: 3600s
[2026-01-14 01:59:59] API CALL OK | Data: HTTP: 200, time: 1317ms, saved: yes
[2026-01-14 01:59:59] queryWorpress llamado | Data: formas-bcct?per_page=100
[2026-01-14 01:59:59] CACHE EXPIRED | Data: age: 18846s > TTL: 3600s
[2026-01-14 02:00:00] API CALL OK | Data: HTTP: 200, time: 1082ms, saved: yes
[2026-01-14 02:00:00] queryWorpress llamado | Data: gruposdeedad?per_page=100
[2026-01-14 02:00:00] CACHE EXPIRED | Data: age: 18976s > TTL: 3600s
[2026-01-14 02:00:01] API CALL OK | Data: HTTP: 200, time: 1013ms, saved: yes
[2026-01-14 02:00:01] queryWorpress llamado | Data: momentoaprendizaje?per_page=100
[2026-01-14 02:00:01] CACHE HIT | Data: age: 2s, file: b9dcb9e8d7a9aca5ab01004af9ed9ee4
[2026-01-14 02:00:16] queryWorpress llamado | Data: gruposdeedad?per_page=100
[2026-01-14 02:00:16] CACHE HIT | Data: age: 15s, file: cbf4f0b5d31a7acc41849d7262d0fd3c
[2026-01-14 02:00:16] queryWorpress llamado | Data: momentoaprendizaje?per_page=100
[2026-01-14 02:00:16] CACHE HIT | Data: age: 17s, file: b9dcb9e8d7a9aca5ab01004af9ed9ee4
[2026-01-14 02:00:51] queryWorpress llamado | Data: gruposdeedad?per_page=100
[2026-01-14 02:00:51] CACHE HIT | Data: age: 50s, file: cbf4f0b5d31a7acc41849d7262d0fd3c
[2026-01-14 02:00:51] queryWorpress llamado | Data: momentoaprendizaje?per_page=100
[2026-01-14 02:00:51] CACHE HIT | Data: age: 52s, file: b9dcb9e8d7a9aca5ab01004af9ed9ee4
[2026-01-14 02:00:52] queryWorpress llamado | Data: gruposdeedad?per_page=100
[2026-01-14 02:00:52] CACHE HIT | Data: age: 51s, file: cbf4f0b5d31a7acc41849d7262d0fd3c
[2026-01-14 02:00:52] queryWorpress llamado | Data: momentoaprendizaje?per_page=100
[2026-01-14 02:00:52] CACHE HIT | Data: age: 53s, file: b9dcb9e8d7a9aca5ab01004af9ed9ee4
[2026-01-14 02:02:35] queryWorpress llamado | Data: gruposdeedad?per_page=100
[2026-01-14 02:02:35] CACHE HIT | Data: age: 154s, file: cbf4f0b5d31a7acc41849d7262d0fd3c
[2026-01-14 02:02:35] queryWorpress llamado | Data: momentoaprendizaje?per_page=100
[2026-01-14 02:02:35] CACHE HIT | Data: age: 156s, file: b9dcb9e8d7a9aca5ab01004af9ed9ee4
[2026-01-14 02:02:35] queryWorpress llamado | Data: gruposdeedad?per_page=100
[2026-01-14 02:02:35] CACHE HIT | Data: age: 154s, file: cbf4f0b5d31a7acc41849d7262d0fd3c
[2026-01-14 02:02:35] queryWorpress llamado | Data: momentoaprendizaje?per_page=100
[2026-01-14 02:02:35] CACHE HIT | Data: age: 156s, file: b9dcb9e8d7a9aca5ab01004af9ed9ee4
[2026-01-14 02:02:39] queryWorpress llamado | Data: gruposdeedad?per_page=100
[2026-01-14 02:02:39] CACHE HIT | Data: age: 158s, file: cbf4f0b5d31a7acc41849d7262d0fd3c
[2026-01-14 02:02:39] queryWorpress llamado | Data: momentoaprendizaje?per_page=100
[2026-01-14 02:02:39] CACHE HIT | Data: age: 160s, file: b9dcb9e8d7a9aca5ab01004af9ed9ee4
[2026-01-14 02:02:52] queryWorpress llamado | Data: gruposdeedad?per_page=100
[2026-01-14 02:02:52] CACHE HIT | Data: age: 171s, file: cbf4f0b5d31a7acc41849d7262d0fd3c
[2026-01-14 02:02:52] queryWorpress llamado | Data: momentoaprendizaje?per_page=100
[2026-01-14 02:02:52] CACHE HIT | Data: age: 173s, file: b9dcb9e8d7a9aca5ab01004af9ed9ee4
[2026-01-14 02:03:05] queryWorpress llamado | Data: gruposdeedad?per_page=100
[2026-01-14 02:03:05] CACHE HIT | Data: age: 184s, file: cbf4f0b5d31a7acc41849d7262d0fd3c
[2026-01-14 02:03:05] queryWorpress llamado | Data: momentoaprendizaje?per_page=100
[2026-01-14 02:03:05] CACHE HIT | Data: age: 186s, file: b9dcb9e8d7a9aca5ab01004af9ed9ee4
[2026-01-14 02:03:05] queryWorpress llamado | Data: gruposdeedad?per_page=100
[2026-01-14 02:03:05] CACHE HIT | Data: age: 184s, file: cbf4f0b5d31a7acc41849d7262d0fd3c
[2026-01-14 02:03:05] queryWorpress llamado | Data: momentoaprendizaje?per_page=100
[2026-01-14 02:03:05] CACHE HIT | Data: age: 186s, file: b9dcb9e8d7a9aca5ab01004af9ed9ee4
[2026-01-14 02:03:14] queryWorpress llamado | Data: gruposdeedad?per_page=100
[2026-01-14 02:03:14] CACHE HIT | Data: age: 193s, file: cbf4f0b5d31a7acc41849d7262d0fd3c
[2026-01-14 02:03:14] queryWorpress llamado | Data: momentoaprendizaje?per_page=100
[2026-01-14 02:03:14] CACHE HIT | Data: age: 195s, file: b9dcb9e8d7a9aca5ab01004af9ed9ee4
[2026-01-14 02:03:25] queryWorpress llamado | Data: gruposdeedad?per_page=100
[2026-01-14 02:03:25] CACHE HIT | Data: age: 204s, file: cbf4f0b5d31a7acc41849d7262d0fd3c
[2026-01-14 02:03:25] queryWorpress llamado | Data: momentoaprendizaje?per_page=100
[2026-01-14 02:03:25] CACHE HIT | Data: age: 206s, file: b9dcb9e8d7a9aca5ab01004af9ed9ee4
[2026-01-14 02:03:43] queryWorpress llamado | Data: gruposdeedad?per_page=100
[2026-01-14 02:03:43] CACHE HIT | Data: age: 222s, file: cbf4f0b5d31a7acc41849d7262d0fd3c
[2026-01-14 02:03:43] queryWorpress llamado | Data: momentoaprendizaje?per_page=100
[2026-01-14 02:03:43] CACHE HIT | Data: age: 224s, file: b9dcb9e8d7a9aca5ab01004af9ed9ee4
[2026-01-14 02:03:43] queryWorpress llamado | Data: gruposdeedad?per_page=100
[2026-01-14 02:03:43] CACHE HIT | Data: age: 222s, file: cbf4f0b5d31a7acc41849d7262d0fd3c
[2026-01-14 02:03:43] queryWorpress llamado | Data: momentoaprendizaje?per_page=100
[2026-01-14 02:03:43] CACHE HIT | Data: age: 224s, file: b9dcb9e8d7a9aca5ab01004af9ed9ee4
[2026-01-14 02:03:57] queryWorpress llamado | Data: gruposdeedad?per_page=100
[2026-01-14 02:03:57] CACHE HIT | Data: age: 236s, file: cbf4f0b5d31a7acc41849d7262d0fd3c
[2026-01-14 02:03:57] queryWorpress llamado | Data: momentoaprendizaje?per_page=100
[2026-01-14 02:03:57] CACHE HIT | Data: age: 238s, file: b9dcb9e8d7a9aca5ab01004af9ed9ee4
[2026-01-14 02:08:35] queryWorpress llamado | Data: gruposdeedad?per_page=100
[2026-01-14 02:08:35] CACHE HIT | Data: age: 514s, file: cbf4f0b5d31a7acc41849d7262d0fd3c
[2026-01-14 02:08:35] queryWorpress llamado | Data: momentoaprendizaje?per_page=100
[2026-01-14 02:08:35] CACHE HIT | Data: age: 516s, file: b9dcb9e8d7a9aca5ab01004af9ed9ee4
[2026-01-14 02:08:35] queryWorpress llamado | Data: gruposdeedad?per_page=100
[2026-01-14 02:08:35] CACHE HIT | Data: age: 514s, file: cbf4f0b5d31a7acc41849d7262d0fd3c
[2026-01-14 02:08:35] queryWorpress llamado | Data: momentoaprendizaje?per_page=100
[2026-01-14 02:08:35] CACHE HIT | Data: age: 516s, file: b9dcb9e8d7a9aca5ab01004af9ed9ee4
[2026-01-14 02:08:55] queryWorpress llamado | Data: gruposdeedad?per_page=100
[2026-01-14 02:08:55] CACHE HIT | Data: age: 534s, file: cbf4f0b5d31a7acc41849d7262d0fd3c
[2026-01-14 02:08:55] queryWorpress llamado | Data: momentoaprendizaje?per_page=100
[2026-01-14 02:08:55] CACHE HIT | Data: age: 536s, file: b9dcb9e8d7a9aca5ab01004af9ed9ee4
[2026-01-14 02:38:54] queryWorpress llamado | Data: gruposdeedad?per_page=100
[2026-01-14 02:38:54] CACHE HIT | Data: age: 2333s, file: cbf4f0b5d31a7acc41849d7262d0fd3c
[2026-01-14 02:38:54] queryWorpress llamado | Data: momentoaprendizaje?per_page=100
[2026-01-14 02:38:54] CACHE HIT | Data: age: 2335s, file: b9dcb9e8d7a9aca5ab01004af9ed9ee4
[2026-01-14 02:38:55] queryWorpress llamado | Data: gruposdeedad?per_page=100
[2026-01-14 02:38:55] CACHE HIT | Data: age: 2334s, file: cbf4f0b5d31a7acc41849d7262d0fd3c
[2026-01-14 02:38:55] queryWorpress llamado | Data: momentoaprendizaje?per_page=100
[2026-01-14 02:38:55] CACHE HIT | Data: age: 2336s, file: b9dcb9e8d7a9aca5ab01004af9ed9ee4
[2026-01-14 02:39:04] queryWorpress llamado | Data: gruposdeedad?per_page=100
[2026-01-14 02:39:04] CACHE HIT | Data: age: 2343s, file: cbf4f0b5d31a7acc41849d7262d0fd3c
[2026-01-14 02:39:04] queryWorpress llamado | Data: momentoaprendizaje?per_page=100
[2026-01-14 02:39:04] CACHE HIT | Data: age: 2345s, file: b9dcb9e8d7a9aca5ab01004af9ed9ee4
[2026-01-14 02:39:27] queryWorpress llamado | Data: gruposdeedad?per_page=100
[2026-01-14 02:39:27] CACHE HIT | Data: age: 2366s, file: cbf4f0b5d31a7acc41849d7262d0fd3c
[2026-01-14 02:39:27] queryWorpress llamado | Data: momentoaprendizaje?per_page=100
[2026-01-14 02:39:27] CACHE HIT | Data: age: 2368s, file: b9dcb9e8d7a9aca5ab01004af9ed9ee4
